[debug] > Exec(early(addDefaultCommands), None, None)
[debug] > Exec(addDefaultCommands, None, None)
[debug] > Exec(early(initialize), None, None)
[debug] > Exec(initialize, None, None)
[debug] > Exec(early(addPluginSbtFile="""C:\Users\daron\AppData\Local\Temp\idea.sbt"""), None, None)
[debug] > Exec(addPluginSbtFile="""C:\Users\daron\AppData\Local\Temp\idea.sbt""", None, None)
[debug] > Exec(boot, None, None)
[debug] > Exec(writeSbtVersion, None, None)
[debug] > Exec(reload, None, None)
[debug] > Exec(sbtStashOnFailure, None, None)
[debug] > Exec(onFailure loadFailed, None, None)
[debug] > Exec(loadp, None, None)
[info] welcome to sbt 1.8.2 (Oracle Corporation Java 18.0.2)
[debug]       Load.loadUnit: plugins took 207.9046ms
[debug]       Load.loadUnit: defsScala took 0.7066ms
[debug] [Loading] Scanning directory C:\Users\daron\.sbt\1.0\plugins
[debug] [Loading] Found non-root projects 
[debug] [Loading] Done in C:\Users\daron\.sbt\1.0\plugins, returning: ()
[debug] deducing auto plugins based on known facts Set(Atom(sbt.plugins.CorePlugin)) and clauses Clauses(Clause(Atom(sbt.plugins.JvmPlugin),Set(Atom(sbt.plugins.IvyPlugin)))
[debug] Clause(Atom(sbt.ScriptedPlugin),Set(Atom(sbt.plugins.JvmPlugin)))
[debug] Clause(Atom(sbt.plugins.SbtPlugin),Set(Atom(sbt.ScriptedPlugin)))
[debug] Clause(Atom(sbt.plugins.SemanticdbPlugin),Set(Atom(sbt.plugins.JvmPlugin)))
[debug] Clause(Atom(sbt.plugins.JUnitXmlReportPlugin),Set(Atom(sbt.plugins.JvmPlugin)))
[debug] Clause(Atom(sbt.plugins.MiniDependencyTreePlugin),Set(Atom(sbt.plugins.JvmPlugin)))
[debug] Clause(Atom(sbt.plugins.CorePlugin),Set(Atom(sbt.plugins.IvyPlugin)))
[debug] Clause(Atom(sbt.plugins.IvyPlugin),Set(Atom(sbt.plugins.JvmPlugin)))
[debug] Clause(Atom(sbt.plugins.JvmPlugin),Set(Atom(sbt.plugins.SemanticdbPlugin)))
[debug] Clause(Atom(sbt.plugins.JvmPlugin),Set(Atom(sbt.plugins.JUnitXmlReportPlugin)))
[debug] Clause(Atom(sbt.plugins.CorePlugin),Set(Atom(sbt.plugins.Giter8TemplatePlugin)))
[debug] Clause(Atom(sbt.plugins.JvmPlugin),Set(Atom(sbt.plugins.MiniDependencyTreePlugin))))
[debug]   :: deduced result: Matched(sbt.plugins.CorePlugin,sbt.plugins.Giter8TemplatePlugin,sbt.plugins.IvyPlugin,sbt.plugins.JvmPlugin,sbt.plugins.MiniDependencyTreePlugin,sbt.plugins.JUnitXmlReportPlugin,sbt.plugins.SemanticdbPlugin)
[debug] Plugins.deducer#function took 32.745 ms
[debug]           Load.resolveProject(global-plugins) took 93.9338ms
[debug]         Load.loadTransitive: finalizeProject(Project(id global-plugins, base: C:\Users\daron\.sbt\1.0\plugins, plugins: List(<none>))) took 166.7596ms
[debug] [Loading] Done in C:\Users\daron\.sbt\1.0\plugins, returning: (global-plugins)
[debug]       Load.loadUnit: loadedProjectsRaw took 216.3215ms
[debug]       Load.loadUnit: cleanEvalClasses took 0.7952ms
[debug]     Load.loadUnit(file:/C:/Users/daron/.sbt/1.0/plugins/, ...) took 444.2479ms
[debug]   Load.apply: load took 817.9934ms
[debug]   Load.apply: resolveProjects took 12.6142ms
[debug]   Load.apply: finalTransforms took 124.2802ms
[debug]   Load.apply: config.delegates took 14.6513ms
[debug]   Load.apply: Def.make(settings)... took 845.6185ms
[debug]   Load.apply: structureIndex took 199.7471ms
[debug]   Load.apply: mkStreams took 2.4374ms
[info] loading global plugins from C:\Users\daron\.sbt\1.0\plugins
[debug] Running task... Cancel: Signal, check cycles: false, forcegc: true
[debug] Load.defaultLoad until apply took 4698.8222ms
[debug]           Load.loadUnit: plugins took 56.36ms
[debug]           Load.loadUnit: defsScala took 0.0066ms
[debug] [Loading] Scanning directory C:\Users\daron\Downloads\workspace\Programas Scala\Ti_1\2023-2ti1-entregafinal-e-19\project
[debug]             Load.loadUnit: mkEval took 12.1214ms
[debug] [Loading] Found non-root projects 
[debug] [Loading] Done in C:\Users\daron\Downloads\workspace\Programas Scala\Ti_1\2023-2ti1-entregafinal-e-19\project, returning: ()
[debug] deducing auto plugins based on known facts Set(Atom(sbt.plugins.CorePlugin)) and clauses Clauses(Clause(Atom(sbt.plugins.JvmPlugin),Set(Atom(sbt.plugins.IvyPlugin)))
[debug] Clause(Atom(sbt.ScriptedPlugin),Set(Atom(sbt.plugins.JvmPlugin)))
[debug] Clause(Atom(sbt.plugins.SbtPlugin),Set(Atom(sbt.ScriptedPlugin)))
[debug] Clause(Atom(sbt.plugins.SemanticdbPlugin),Set(Atom(sbt.plugins.JvmPlugin)))
[debug] Clause(Atom(sbt.plugins.JUnitXmlReportPlugin),Set(Atom(sbt.plugins.JvmPlugin)))
[debug] Clause(Atom(sbt.plugins.MiniDependencyTreePlugin),Set(Atom(sbt.plugins.JvmPlugin)))
[debug] Clause(Atom(sbt.plugins.CorePlugin),Set(Atom(sbt.plugins.IvyPlugin)))
[debug] Clause(Atom(sbt.plugins.IvyPlugin),Set(Atom(sbt.plugins.JvmPlugin)))
[debug] Clause(Atom(sbt.plugins.JvmPlugin),Set(Atom(sbt.plugins.SemanticdbPlugin)))
[debug] Clause(Atom(sbt.plugins.JvmPlugin),Set(Atom(sbt.plugins.JUnitXmlReportPlugin)))
[debug] Clause(Atom(sbt.plugins.CorePlugin),Set(Atom(sbt.plugins.Giter8TemplatePlugin)))
[debug] Clause(Atom(sbt.plugins.JvmPlugin),Set(Atom(sbt.plugins.MiniDependencyTreePlugin))))
[debug]   :: deduced result: Matched(sbt.plugins.CorePlugin,sbt.plugins.Giter8TemplatePlugin,sbt.plugins.IvyPlugin,sbt.plugins.JvmPlugin,sbt.plugins.MiniDependencyTreePlugin,sbt.plugins.JUnitXmlReportPlugin,sbt.plugins.SemanticdbPlugin)
[debug] Plugins.deducer#function took 5.9724 ms
[info] loading settings for project root-2023-2ti1-entregafinal-e-19-build from idea.sbt ...
[debug]               Load.resolveProject(root-2023-2ti1-entregafinal-e-19-build) took 10.8938ms
[debug]             Load.loadTransitive: finalizeProject(Project(id root-2023-2ti1-entregafinal-e-19-build, base: C:\Users\daron\Downloads\workspace\Programas Scala\Ti_1\2023-2ti1-entregafinal-e-19\project, plugins: List(<none>))) took 18.9048ms
[debug] [Loading] Done in C:\Users\daron\Downloads\workspace\Programas Scala\Ti_1\2023-2ti1-entregafinal-e-19\project, returning: (root-2023-2ti1-entregafinal-e-19-build)
[debug]           Load.loadUnit: loadedProjectsRaw took 5323.0859ms
[debug]           Load.loadUnit: cleanEvalClasses took 54.7416ms
[debug]         Load.loadUnit(file:/C:/Users/daron/Downloads/workspace/Programas%20Scala/Ti_1/2023-2ti1-entregafinal-e-19/project/, ...) took 5436.9872ms
[debug]       Load.apply: load took 5443.6278ms
[debug]       Load.apply: resolveProjects took 0.4933ms
[debug]       Load.apply: finalTransforms took 105.7496ms
[debug]       Load.apply: config.delegates took 2.6644ms
[debug]       Load.apply: Def.make(settings)... took 513.9754ms
[debug]       Load.apply: structureIndex took 141.5787ms
[debug]       Load.apply: mkStreams took 0.0049ms
[info] loading project definition from C:\Users\daron\Downloads\workspace\Programas Scala\Ti_1\2023-2ti1-entregafinal-e-19\project
[debug] Running task... Cancel: Signal, check cycles: false, forcegc: true
[warn] Unrecognized repository Scala Plugin Bundled Repository, ignoring it
[warn] Unrecognized repository Scala Plugin Bundled Repository, ignoring it
[debug]     Load.loadUnit: plugins took 9795.2816ms
[debug]     Load.loadUnit: defsScala took 0.0047ms
[debug] [Loading] Scanning directory C:\Users\daron\Downloads\workspace\Programas Scala\Ti_1\2023-2ti1-entregafinal-e-19
[debug]       Load.loadUnit: mkEval took 0.579ms
[debug] [Loading] Found root project root w/ remaining 
[debug] deducing auto plugins based on known facts Set(Atom(sbt.plugins.CorePlugin)) and clauses Clauses(Clause(Atom(sbt.plugins.JvmPlugin),Set(Atom(sbt.plugins.IvyPlugin)))
[debug] Clause(Atom(sbt.ScriptedPlugin),Set(Atom(sbt.plugins.JvmPlugin)))
[debug] Clause(Atom(sbt.plugins.SbtPlugin),Set(Atom(sbt.ScriptedPlugin)))
[debug] Clause(Atom(sbt.plugins.SemanticdbPlugin),Set(Atom(sbt.plugins.JvmPlugin)))
[debug] Clause(Atom(sbt.plugins.JUnitXmlReportPlugin),Set(Atom(sbt.plugins.JvmPlugin)))
[debug] Clause(Atom(sbt.plugins.MiniDependencyTreePlugin),Set(Atom(sbt.plugins.JvmPlugin)))
[debug] Clause(Atom(org.jetbrains.sbt.StructurePlugin),Set(Atom(sbt.plugins.JvmPlugin)))
[debug] Clause(Atom(org.jetbrains.sbt.IdeaShellPlugin),Set(Atom(sbt.plugins.JvmPlugin)))
[debug] Clause(Atom(org.jetbrains.sbt.indices.SbtIntellijIndicesPlugin),Set(Atom(sbt.plugins.JvmPlugin)))
[debug] Clause(Atom(sbt.plugins.CorePlugin),Set(Atom(sbt.plugins.IvyPlugin)))
[debug] Clause(Atom(sbt.plugins.IvyPlugin),Set(Atom(sbt.plugins.JvmPlugin)))
[debug] Clause(Atom(sbt.plugins.JvmPlugin),Set(Atom(sbt.plugins.SemanticdbPlugin)))
[debug] Clause(Atom(sbt.plugins.JvmPlugin),Set(Atom(sbt.plugins.JUnitXmlReportPlugin)))
[debug] Clause(Atom(sbt.plugins.CorePlugin),Set(Atom(sbt.plugins.Giter8TemplatePlugin)))
[debug] Clause(Atom(sbt.plugins.JvmPlugin),Set(Atom(sbt.plugins.MiniDependencyTreePlugin)))
[debug] Clause(Atom(sbt.plugins.JvmPlugin),Set(Atom(org.jetbrains.sbt.StructurePlugin)))
[debug] Clause(Atom(sbt.plugins.JvmPlugin),Set(Atom(org.jetbrains.sbt.IdeaShellPlugin)))
[debug] Clause(And(Set(Atom(sbt.plugins.CorePlugin), Atom(sbt.plugins.JvmPlugin))),Set(Atom(org.jetbrains.sbt.indices.SbtIntellijIndicesPlugin))))
[debug]   :: deduced result: Matched(sbt.plugins.CorePlugin,sbt.plugins.Giter8TemplatePlugin,sbt.plugins.IvyPlugin,sbt.plugins.JvmPlugin,sbt.plugins.SemanticdbPlugin,org.jetbrains.sbt.indices.SbtIntellijIndicesPlugin,sbt.plugins.JUnitXmlReportPlugin,org.jetbrains.sbt.IdeaShellPlugin,org.jetbrains.sbt.StructurePlugin,sbt.plugins.MiniDependencyTreePlugin)
[debug] Plugins.deducer#function took 2.5846 ms
[info] loading settings for project root from build.sbt ...
[debug]         Load.resolveProject(root) took 40.7486ms
[debug]       Load.loadTransitive: finalizeProject(Project(id root, base: C:\Users\daron\Downloads\workspace\Programas Scala\Ti_1\2023-2ti1-entregafinal-e-19, plugins: List(<none>))) took 45.4249ms
[debug] [Loading] Done in C:\Users\daron\Downloads\workspace\Programas Scala\Ti_1\2023-2ti1-entregafinal-e-19, returning: (root)
[debug]     Load.loadUnit: loadedProjectsRaw took 2140.1506ms
[debug]     Load.loadUnit: cleanEvalClasses took 43.4669ms
[debug]   Load.loadUnit(file:/C:/Users/daron/Downloads/workspace/Programas%20Scala/Ti_1/2023-2ti1-entregafinal-e-19/, ...) took 11980.8675ms
[debug] Load.apply: load took 11984.2344ms
[debug] Load.apply: resolveProjects took 0.1311ms
[debug] Load.apply: finalTransforms took 37.8924ms
[debug] Load.apply: config.delegates took 0.3776ms
[debug] Load.apply: Def.make(settings)... took 73.9539ms
[debug] Load.apply: structureIndex took 33.9505ms
[debug] Load.apply: mkStreams took 0.0046ms
[info] set current project to untitled (in build file:/C:/Users/daron/Downloads/workspace/Programas%20Scala/Ti_1/2023-2ti1-entregafinal-e-19/)
[debug] > Exec(sbtPopOnFailure, None, None)
[debug] > Exec(resumeFromFailure, None, None)
[debug] > Exec(notifyUsersAboutShell, None, None)
[debug] > Exec(iflast shell, None, None)
[debug] > Exec(; set ideaPort in Global := 55601 ; idea-shell, None, None)
[debug] > Exec(set ideaPort in Global := 55601, None, None)
[info] Defining Global / ideaPort
[info] The new value will be used by Compile / compile, Test / compile
[debug] Defining 
[debug] 	Global / ideaPort
[debug] 
[debug] The new value will be used by 
[debug] 	Compile / compile
[debug] 	Test / compile
[info] Reapplying settings...
[info] set current project to untitled (in build file:/C:/Users/daron/Downloads/workspace/Programas%20Scala/Ti_1/2023-2ti1-entregafinal-e-19/)
[debug] > Exec(idea-shell, None, None)
